Build started 2019-09-04 22:50:28.
     1>Project "E:\GitHub\machineLearning3\machineLearning3\machineLearning3\machineLearning3.vcxproj" on node 2 (Build target(s)).
     1>Building with tools version "15.0".
       Target "EnableIntermediateOutputPathMismatchWarning" skipped, due to false condition; ('$(RestoreProjectStyle)' == 'PackageReference') was evaluated as ('' == 'PackageReference').
     1>Target "_CheckForInvalidConfigurationAndPlatform" in file "M:\VisualStudio\MSBuild\15.0\Bin\Microsoft.Common.CurrentVersion.targets" from project "E:\GitHub\machineLearning3\machineLearning3\machineLearning3\machineLearning3.vcxproj" (target "SetTelemetryEnvironmentVariables" depends on it):
       Task "Error" skipped, due to false condition; ( '$(_InvalidConfigurationError)' == 'true' ) was evaluated as ( '' == 'true' ).
       Task "Warning" skipped, due to false condition; ( '$(_InvalidConfigurationWarning)' == 'true' ) was evaluated as ( '' == 'true' ).
       Using "Message" task from assembly "Microsoft.Build.Tasks.Core, Version=15.1.0.0, Culture=neutral, PublicKeyToken=b03f5f7f11d50a3a".
       Task "Message"
         Configuration=Debug
       Done executing task "Message".
       Task "Message"
         Platform=Win32
       Done executing task "Message".
       Task "Error" skipped, due to false condition; ('$(OutDir)' != '' and !HasTrailingSlash('$(OutDir)')) was evaluated as ('E:\Github\machineLearning3\machineLearning3\Debug\' != '' and !HasTrailingSlash('E:\Github\machineLearning3\machineLearning3\Debug\')).
       Task "Error" skipped, due to false condition; ('$(BaseIntermediateOutputPath)' != '' and !HasTrailingSlash('$(BaseIntermediateOutputPath)')) was evaluated as ('obj\' != '' and !HasTrailingSlash('obj\')).
       Task "Error" skipped, due to false condition; ('$(IntermediateOutputPath)' != '' and !HasTrailingSlash('$(IntermediateOutputPath)')) was evaluated as ('Debug\' != '' and !HasTrailingSlash('Debug\')).
       Task "Error" skipped, due to false condition; ( '$(_InitialMSBuildProjectExtensionsPath)' != '' And '$(MSBuildProjectExtensionsPath)' != '$(_InitialMSBuildProjectExtensionsPath)' ) was evaluated as ( 'E:\GitHub\machineLearning3\machineLearning3\machineLearning3\obj\' != '' And 'E:\GitHub\machineLearning3\machineLearning3\machineLearning3\obj\' != 'E:\GitHub\machineLearning3\machineLearning3\machineLearning3\obj\' ).
       Task "Warning" skipped, due to false condition; ( '$(EnableBaseIntermediateOutputPathMismatchWarning)' == 'true' And '$(_InitialBaseIntermediateOutputPath)' != '$(BaseIntermediateOutputPath)' And '$(BaseIntermediateOutputPath)' != '$(MSBuildProjectExtensionsPath)' ) was evaluated as ( '' == 'true' And 'obj\' != 'obj\' And 'obj\' != 'E:\GitHub\machineLearning3\machineLearning3\machineLearning3\obj\' ).
     1>Done building target "_CheckForInvalidConfigurationAndPlatform" in project "machineLearning3.vcxproj".
       Target "_CheckForInvalidConfigurationAndPlatform" skipped. Previously built successfully.
     1>Target "SetTelemetryEnvironmentVariables" in file "M:\VisualStudio\Common7\IDE\VC\VCTargets\Microsoft.Cpp.DesignTime.targets" from project "E:\GitHub\machineLearning3\machineLearning3\machineLearning3\machineLearning3.vcxproj" (target "Build" depends on it):
       Using "SetEnv" task from assembly "M:\VisualStudio\Common7\IDE\VC\VCTargets\Microsoft.Build.CppTasks.Common.dll".
       Task "SetEnv"
         VSTEL_SolutionSessionID={4ECDE603-A695-420B-8895-98BA81B910D9}
       Done executing task "SetEnv".
       Task "SetEnv"
         VSTEL_CurrentSolutionBuildID=31678968
       Done executing task "SetEnv".
       Task "SetEnv"
         VSTEL_ProjectID={A6A9694E-4627-40A6-88FD-130944939D89}
       Done executing task "SetEnv".
     1>Done building target "SetTelemetryEnvironmentVariables" in project "machineLearning3.vcxproj".
     1>Target "_PrepareForBuild" in file "M:\VisualStudio\Common7\IDE\VC\VCTargets\Microsoft.BuildSteps.Targets" from project "E:\GitHub\machineLearning3\machineLearning3\machineLearning3\machineLearning3.vcxproj" (target "Build" depends on it):
       Task "CreateItem" skipped, due to false condition; ('%(CustomBuild.IncludeFileToTool)'!='') was evaluated as (''!='').
     1>Done building target "_PrepareForBuild" in project "machineLearning3.vcxproj".
     1>Target "_PrepareForReferenceResolution" in file "M:\VisualStudio\Common7\IDE\VC\VCTargets\Microsoft.CppBuild.targets" from project "E:\GitHub\machineLearning3\machineLearning3\machineLearning3\machineLearning3.vcxproj" (target "ResolveReferences" depends on it):
       Task "Message" skipped, due to false condition; ('$(_REFERENCE_DEBUG)'=='true') was evaluated as (''=='true').
     1>Done building target "_PrepareForReferenceResolution" in project "machineLearning3.vcxproj".
       Target "ComputeCrtSDKReference" skipped, due to false condition; ('@(ClCompile)'!='' and '$(WindowsAppContainer)'=='true' and '$(UseCrtSDKReference)' != 'false') was evaluated as ('machineLearning3.cpp;neuralNetwork.cpp;pch.cpp'!='' and 'false'=='true' and '' != 'false').
     1>Target "BeforeResolveReferences" in file "M:\VisualStudio\MSBuild\15.0\Bin\Microsoft.Common.CurrentVersion.targets" from project "E:\GitHub\machineLearning3\machineLearning3\machineLearning3\machineLearning3.vcxproj" (target "ResolveReferences" depends on it):
     1>Done building target "BeforeResolveReferences" in project "machineLearning3.vcxproj".
     1>Target "AssignProjectConfiguration" in file "M:\VisualStudio\MSBuild\15.0\Bin\Microsoft.Common.CurrentVersion.targets" from project "E:\GitHub\machineLearning3\machineLearning3\machineLearning3\machineLearning3.vcxproj" (target "ResolveReferences" depends on it):
       Using "AssignProjectConfiguration" task from assembly "Microsoft.Build.Tasks.Core, Version=15.1.0.0, Culture=neutral, PublicKeyToken=b03f5f7f11d50a3a".
       Task "AssignProjectConfiguration"
       Done executing task "AssignProjectConfiguration".
     1>Done building target "AssignProjectConfiguration" in project "machineLearning3.vcxproj".
       Target "AssignProjectConfiguration" skipped. Previously built successfully.
     1>Target "_SplitProjectReferencesByFileExistence" in file "M:\VisualStudio\MSBuild\15.0\Bin\Microsoft.Common.CurrentVersion.targets" from project "E:\GitHub\machineLearning3\machineLearning3\machineLearning3\machineLearning3.vcxproj" (target "PrepareProjectReferences" depends on it):
       Task "ResolveNonMSBuildProjectOutput" skipped, due to false condition; ('$(BuildingInsideVisualStudio)'=='true' and '@(ProjectReferenceWithConfiguration)'!='') was evaluated as ('true'=='true' and ''!='').
     1>Done building target "_SplitProjectReferencesByFileExistence" in project "machineLearning3.vcxproj".
     1>Target "_GetProjectReferenceTargetFrameworkProperties" in file "M:\VisualStudio\MSBuild\15.0\Bin\Microsoft.Common.CurrentVersion.targets" from project "E:\GitHub\machineLearning3\machineLearning3\machineLearning3\machineLearning3.vcxproj" (target "PrepareProjectReferences" depends on it):
       Using "MSBuild" task from assembly "Microsoft.Build.Tasks.Core, Version=15.1.0.0, Culture=neutral, PublicKeyToken=b03f5f7f11d50a3a".
       Task "MSBuild"
       Done executing task "MSBuild".
       Task "GetReferenceNearestTargetFrameworkTask" skipped, due to false condition; ('@(_ProjectReferenceTargetFrameworkPossibilities->Count())' != '0' and '$(ReferringTargetFrameworkForProjectReferences)' != '') was evaluated as ('0' != '0' and '.NETFramework,Version=v4.0' != '').
     1>Done building target "_GetProjectReferenceTargetFrameworkProperties" in project "machineLearning3.vcxproj".
     1>Target "PrepareProjectReferences" in file "M:\VisualStudio\MSBuild\15.0\Bin\Microsoft.Common.CurrentVersion.targets" from project "E:\GitHub\machineLearning3\machineLearning3\machineLearning3\machineLearning3.vcxproj" (target "ResolveProjectReferences" depends on it):
     1>Done building target "PrepareProjectReferences" in project "machineLearning3.vcxproj".
       Target "_RemoveNameMetadataFromProjectReferenceItems" skipped, due to false condition; ('@(ProjectReference)'!='') was evaluated as (''!='').
     1>Target "ResolveProjectReferences" in file "M:\VisualStudio\MSBuild\15.0\Bin\Microsoft.Common.CurrentVersion.targets" from project "E:\GitHub\machineLearning3\machineLearning3\machineLearning3\machineLearning3.vcxproj" (target "ResolveReferences" depends on it):
       Task "MSBuild" skipped, due to false condition; ('%(_MSBuildProjectReferenceExistent.BuildReference)' == 'true' and '@(ProjectReferenceWithConfiguration)' != '' and ('$(BuildingInsideVisualStudio)' == 'true' or '$(BuildProjectReferences)' != 'true') and '$(VisualStudioVersion)' != '10.0' and '@(_MSBuildProjectReferenceExistent)' != '') was evaluated as ('' == 'true' and '' != '' and ('true' == 'true' or 'true' != 'true') and '15.0' != '10.0' and '' != '').
       Task "MSBuild" skipped, due to false condition; ('%(_MSBuildProjectReferenceExistent.BuildReference)' == 'true' and '@(ProjectReferenceWithConfiguration)' != '' and ('$(BuildingInsideVisualStudio)' == 'true' or '$(BuildProjectReferences)' != 'true') and '$(VisualStudioVersion)' == '10.0' and '@(_MSBuildProjectReferenceExistent)' != '') was evaluated as ('' == 'true' and '' != '' and ('true' == 'true' or 'true' != 'true') and '15.0' == '10.0' and '' != '').
       Task "MSBuild" skipped, due to false condition; ('%(_MSBuildProjectReferenceExistent.BuildReference)' == 'true' and '@(ProjectReferenceWithConfiguration)' != '' and '$(BuildingInsideVisualStudio)' != 'true' and '$(BuildProjectReferences)' == 'true' and '@(_MSBuildProjectReferenceExistent)' != '') was evaluated as ('' == 'true' and '' != '' and 'true' != 'true' and 'true' == 'true' and '' != '').
       Task "MSBuild" skipped, due to false condition; ('%(_MSBuildProjectReferenceExistent.BuildReference)' == 'true' and '@(ProjectReferenceWithConfiguration)' != '' and '$(BuildingProject)' == 'true' and '@(_MSBuildProjectReferenceExistent)' != '') was evaluated as ('' == 'true' and '' != '' and 'true' == 'true' and '' != '').
       Task "Warning" skipped, due to false condition; ('@(ProjectReferenceWithConfiguration)' != '' and '@(_MSBuildProjectReferenceNonexistent)' != '') was evaluated as ('' != '' and '' != '').
     1>Done building target "ResolveProjectReferences" in project "machineLearning3.vcxproj".
       Target "FindInvalidProjectReferences" skipped, due to false condition; ('$(FindInvalidProjectReferences)' == 'true') was evaluated as ('' == 'true').
       Target "ResolveNativeReferences" skipped, due to false condition; ('@(NativeReference)'!='') was evaluated as (''!='').
       Target "_PrepareForReferenceResolution" skipped. Previously built successfully.
       Target "ResolveProjectReferences" skipped. Previously built successfully.
       Target "FindInvalidProjectReferences" skipped, due to false condition; ('$(FindInvalidProjectReferences)' == 'true') was evaluated as ('' == 'true').
     1>Target "GetFrameworkPaths" in file "M:\VisualStudio\MSBuild\15.0\Bin\Microsoft.NETFramework.CurrentVersion.targets" from project "E:\GitHub\machineLearning3\machineLearning3\machineLearning3\machineLearning3.vcxproj" (target "ResolveAssemblyReferences" depends on it):
     1>Done building target "GetFrameworkPaths" in project "machineLearning3.vcxproj".
       Target "_PrepareForReferenceResolution" skipped. Previously built successfully.
       Target "GetWinFXPath" skipped, due to false condition; (('@(Page)' != '' or '@(ApplicationDefinition)' != '' or '@(Resource)' != '') and ('$(GetWinFXNativePath)' != '' or '$(GetWinFXWoWPath)' != '' )) was evaluated as (('' != '' or '' != '' or '' != '') and ('' != '' or '' != '' )).
       Target "GetFrameworkPaths" skipped. Previously built successfully.
     1>Target "GetReferenceAssemblyPaths" in file "M:\VisualStudio\MSBuild\15.0\Bin\Microsoft.Common.CurrentVersion.targets" from project "E:\GitHub\machineLearning3\machineLearning3\machineLearning3\machineLearning3.vcxproj" (target "ResolveAssemblyReferences" depends on it):
       Task "GetReferenceAssemblyPaths" skipped, due to false condition; ('$(TargetFrameworkMoniker)' != '' and ('$(_TargetFrameworkDirectories)' == '' or '$(_FullFrameworkReferenceAssemblyPaths)' == '')) was evaluated as ('' != '' and ('C:\Program Files (x86)\Reference Assemblies\Microsoft\Framework\.NETFramework\v4.0' == '' or 'C:\Program Files (x86)\Reference Assemblies\Microsoft\Framework\.NETFramework\v4.0' == '')).
     1>Done building target "GetReferenceAssemblyPaths" in project "machineLearning3.vcxproj".
     1>Target "SetBuildDefaultEnvironmentVariables" in file "M:\VisualStudio\Common7\IDE\VC\VCTargets\Microsoft.Cpp.Current.targets" from project "E:\GitHub\machineLearning3\machineLearning3\machineLearning3\machineLearning3.vcxproj" (target "PrepareForBuild" depends on it):
       Task "SetEnv"
         PATH=M:\VisualStudio\VC\Tools\MSVC\14.16.27023\bin\HostX86\x86;C:\Program Files (x86)\Windows Kits\10\bin\10.0.17763.0\x86;;C:\Program Files (x86)\Microsoft SDKs\Windows\v10.0A\bin\NETFX 4.6.1 Tools;M:\VisualStudio\Common7\tools;M:\VisualStudio\Common7\ide;C:\Program Files (x86)\HTML Help Workshop;;M:\VisualStudio\MSBuild\15.0\Bin;C:\WINDOWS\Microsoft.NET\Framework\v4.0.30319\;C:\WINDOWS\SysWow64;;C:\Program Files (x86)\Common Files\Oracle\Java\javapath;C:\Program Files (x86)\Common Files\Intel\Shared Libraries\redist\intel64\compiler;C:\ProgramData\Oracle\Java\javapath;C:\Python34\;C:\Python34\Scripts;C:\Program Files (x86)\Intel\iCLS Client\;C:\Program Files\Intel\iCLS Client\;C:\Windows\system32;C:\Windows;C:\Windows\System32\Wbem;C:\Windows\System32\WindowsPowerShell\v1.0\;C:\Program Files\Intel\Intel(R) Management Engine Components\DAL;C:\Program Files\Intel\Intel(R) Management Engine Components\IPT;C:\Program Files (x86)\Intel\Intel(R) Management Engine Components\DAL;C:\Program Files (x86)\Intel\Intel(R) Management Engine Components\IPT;C:\Program Files (x86)\ATI Technologies\ATI.ACE\Core-Static;C:\Users\P-C\AppData\Local\Smartbar\Application\;C:\WINDOWS\system32;C:\WINDOWS;C:\WINDOWS\System32\Wbem;C:\WINDOWS\System32\WindowsPowerShell\v1.0\;C:\Program Files (x86)\Windows Live\Shared;C:\Program Files\nodejs\;C:\Program Files\Microsoft SQL Server\110\Tools\Binn\;C:\Program Files\Microsoft SQL Server\120\Tools\Binn\;C:\Program Files (x86)\AMD\ATI.ACE\Core-Static;E:\Programmes\Helix Perforce\Helix Versionning;C:\Program Files (x86)\IVI Foundation\VISA\WinNT\Bin\;C:\Program Files\IVI Foundation\VISA\Win64\Bin\;C:\Program Files (x86)\IVI Foundation\VISA\WinNT\Bin;E:\Programmes\Antidote\Programmes32;E:\Programmes\Antidote\Programmes64;E:\Programmes\Putty\;C:\Program Files\dotnet\;C:\Program Files\Microsoft SQL Server\130\Tools\Binn\;C:\WINDOWS\System32\OpenSSH\;C:\Program Files\NVIDIA Corporation\NVIDIA NvDLISR;E:\Programmes\Microchip\XC16\bin;C:\Program Files (x86)\NVIDIA Corporation\PhysX\Common;C:\WINDOWS\system32;C:\WINDOWS;C:\WINDOWS\System32\Wbem;C:\WINDOWS\System32\WindowsPowerShell\v1.0\;C:\WINDOWS\System32\OpenSSH\;E:\Programmes\Git\cmd;C:\Program Files (x86)\Common Files\Oracle\Java\javapath;C:\Program Files (x86)\Common Files\Intel\Shared Libraries\redist\intel64\compiler;C:\ProgramData\Oracle\Java\javapath;C:\Python34\;C:\Python34\Scripts;C:\Program Files (x86)\Intel\iCLS Client\;C:\Program Files\Intel\iCLS Client\;C:\Windows\system32;C:\Windows;C:\Windows\System32\Wbem;C:\Windows\System32\WindowsPowerShell\v1.0\;C:\Program Files\Intel\Intel(R) Management Engine Components\DAL;C:\Program Files\Intel\Intel(R) Management Engine Components\IPT;C:\Program Files (x86)\Intel\Intel(R) Management Engine Components\DAL;C:\Program Files (x86)\Intel\Intel(R) Management Engine Components\IPT;C:\Program Files (x86)\ATI Technologies\ATI.ACE\Core-Static;C:\Users\P-C\AppData\Local\Smartbar\Application\;C:\WINDOWS\system32;C:\WINDOWS;C:\WINDOWS\System32\Wbem;C:\WINDOWS\System32\WindowsPowerShell\v1.0\;C:\Program Files (x86)\Windows Live\Shared;C:\Program Files\nodejs\;C:\Program Files\Microsoft SQL Server\110\Tools\Binn\;C:\Program Files\Microsoft SQL Ser;
       Done executing task "SetEnv".
       Task "SetEnv"
         LIB=M:\VisualStudio\VC\Tools\MSVC\14.16.27023\lib\x86;;M:\VisualStudio\VC\Tools\MSVC\14.16.27023\atlmfc\lib\x86;;M:\VisualStudio\VC\Auxiliary\VS\lib\x86;;C:\Program Files (x86)\Windows Kits\10\lib\10.0.17763.0\ucrt\x86;;;C:\Program Files (x86)\Windows Kits\10\lib\10.0.17763.0\um\x86;C:\Program Files (x86)\Windows Kits\NETFXSDK\4.6.1\lib\um\x86;;C:\Program Files (x86)\Windows Kits\NETFXSDK\4.6.1\Lib\um\x86
       Done executing task "SetEnv".
       Task "SetEnv"
         LIBPATH=M:\VisualStudio\VC\Tools\MSVC\14.16.27023\atlmfc\lib\x86;;M:\VisualStudio\VC\Tools\MSVC\14.16.27023\lib\x86;
       Done executing task "SetEnv".
       Task "SetEnv"
         INCLUDE=M:\VisualStudio\VC\Tools\MSVC\14.16.27023\include;;M:\VisualStudio\VC\Tools\MSVC\14.16.27023\atlmfc\include;;M:\VisualStudio\VC\Auxiliary\VS\include;;C:\Program Files (x86)\Windows Kits\10\Include\10.0.17763.0\ucrt;;;C:\Program Files (x86)\Windows Kits\10\Include\10.0.17763.0\um;C:\Program Files (x86)\Windows Kits\10\Include\10.0.17763.0\shared;C:\Program Files (x86)\Windows Kits\10\Include\10.0.17763.0\winrt;C:\Program Files (x86)\Windows Kits\10\Include\10.0.17763.0\cppwinrt;C:\Program Files (x86)\Windows Kits\NETFXSDK\4.6.1\Include\um;C:\Program Files (x86)\Windows Kits\NETFXSDK\4.6.1\Include\um;
       Done executing task "SetEnv".
     1>Done building target "SetBuildDefaultEnvironmentVariables" in project "machineLearning3.vcxproj".
       Target "SetUserMacroEnvironmentVariables" skipped, due to false condition; ('@(BuildMacro)' != '' and '$(DesignTimeBuild)' != 'true') was evaluated as ('' != '' and '' != 'true').
       Target "_PrepareForReferenceResolution" skipped. Previously built successfully.
     1>Target "GetResolvedWinMD" in file "M:\VisualStudio\Common7\IDE\VC\VCTargets\Microsoft.CppBuild.targets" from project "E:\GitHub\machineLearning3\machineLearning3\machineLearning3\machineLearning3.vcxproj" (target "PrepareForBuild" depends on it):
     1>Done building target "GetResolvedWinMD" in project "machineLearning3.vcxproj".
     1>Target "PlatformPrepareForBuild" in file "M:\VisualStudio\Common7\IDE\VC\VCTargets\Microsoft.Cpp.Platform.targets" from project "E:\GitHub\machineLearning3\machineLearning3\machineLearning3\machineLearning3.vcxproj" (target "PrepareForBuild" depends on it):
       Task "VCMessage" skipped, due to false condition; ('$(_Error64bitToolsNotInstalled)' == 'true') was evaluated as ('' == 'true').
       Task "VCMessage" skipped, due to false condition; ('$(DesignTimeBuild)'!='true' and '$(_ToolsetFound)' != 'true' and '$(PlatformToolset)' == '') was evaluated as (''!='true' and 'true' != 'true' and 'v141' == '').
       Task "VCMessage" skipped, due to false condition; ('$(DesignTimeBuild)'!='true' and '$(_ToolsetFound)' != 'true' and '$(PlatformToolset)' == 'v110') was evaluated as (''!='true' and 'true' != 'true' and 'v141' == 'v110').
       Task "VCMessage" skipped, due to false condition; ('$(DesignTimeBuild)'!='true' and '$(_ToolsetFound)' != 'true' and '$(PlatformToolset)' == 'v100') was evaluated as (''!='true' and 'true' != 'true' and 'v141' == 'v100').
       Task "VCMessage" skipped, due to false condition; ('$(DesignTimeBuild)'!='true' and '$(_ToolsetFound)' != 'true' and '$(PlatformToolset)' == 'v90') was evaluated as (''!='true' and 'true' != 'true' and 'v141' == 'v90').
       Task "VCMessage" skipped, due to false condition; ('$(DesignTimeBuild)'!='true' and '$(_ToolsetFound)' != 'true' and '$(PlatformToolset)' != 'v90' and '$(PlatformToolset)' != 'v100' and '$(PlatformToolset)' != 'v110') was evaluated as (''!='true' and 'true' != 'true' and 'v141' != 'v90' and 'v141' != 'v100' and 'v141' != 'v110').
     1>Done building target "PlatformPrepareForBuild" in project "machineLearning3.vcxproj".
     1>Target "_CheckWindowsSDKInstalled" in file "M:\VisualStudio\Common7\IDE\VC\VCTargets\Microsoft.Cpp.WindowsSDK.targets" from project "E:\GitHub\machineLearning3\machineLearning3\machineLearning3\machineLearning3.vcxproj" (target "PrepareForBuild" depends on it):
       Task "VCMessage" skipped, due to false condition; ('$(WindowsSDKInstalled)' != 'true') was evaluated as ('true' != 'true').
       Task "VCMessage" skipped, due to false condition; ('$(WindowsAppContainer)' != 'true' and '$(WindowsSDK_Desktop_Support)' != true) was evaluated as ('false' != 'true' and 'true' != true).
     1>Done building target "_CheckWindowsSDKInstalled" in project "machineLearning3.vcxproj".
       Target "GetFrameworkPaths" skipped. Previously built successfully.
       Target "GetReferenceAssemblyPaths" skipped. Previously built successfully.
       Target "AssignLinkMetadata" skipped, due to false condition; ( '$(SynthesizeLinkMetadata)' == 'true' ) was evaluated as ( '' == 'true' ).
     1>Target "SetCABuildNativeEnvironmentVariables" in file "M:\VisualStudio\MSBuild\Microsoft\VisualStudio\v15.0\CodeAnalysis\Microsoft.CodeAnalysis.targets" from project "E:\GitHub\machineLearning3\machineLearning3\machineLearning3\machineLearning3.vcxproj" (target "PrepareForBuild" depends on it):
       Task "SetEnv"
         CAExcludePath=M:\VisualStudio\VC\Tools\MSVC\14.16.27023\atlmfc\include;M:\VisualStudio\VC\Tools\MSVC\14.16.27023\include;C:\Program Files (x86)\Windows Kits\10\Include\10.0.17763.0\ucrt;;C:\Program Files (x86)\Windows Kits\10\Include\10.0.17763.0\um;C:\Program Files (x86)\Windows Kits\10\Include\10.0.17763.0\shared;C:\Program Files (x86)\Windows Kits\10\Include\10.0.17763.0\winrt;C:\Program Files (x86)\Windows Kits\10\Include\10.0.17763.0\cppwinrt;C:\Program Files (x86)\Windows Kits\NETFXSDK\4.6.1\Include\um;C:\Program Files (x86)\Windows Kits\NETFXSDK\4.6.1\Include\um;
       Done executing task "SetEnv".
     1>Done building target "SetCABuildNativeEnvironmentVariables" in project "machineLearning3.vcxproj".
     1>Target "PrepareForBuild" in file "M:\VisualStudio\Common7\IDE\VC\VCTargets\Microsoft.CppBuild.targets" from project "E:\GitHub\machineLearning3\machineLearning3\machineLearning3\machineLearning3.vcxproj" (target "ResolveAssemblyReferences" depends on it):
       Task "VCMessage" skipped, due to false condition; ('$(DesignTimeBuild)' != 'true' and '$(ConfigurationPlatformExists)' != 'true') was evaluated as ('' != 'true' and 'true' != 'true').
       Using "MakeDir" task from assembly "Microsoft.Build.Tasks.Core, Version=15.1.0.0, Culture=neutral, PublicKeyToken=b03f5f7f11d50a3a".
       Task "MakeDir"
       Done executing task "MakeDir".
       Task "VCMessage" skipped, due to false condition; ('$(DesignTimeBuild)'!='true' and '$(WindowsAppContainer)'=='true' and '$(ConfigurationType)'!='Application' and '$(ConfigurationType)'!='DynamicLibrary' and '$(ConfigurationType)'!='StaticLibrary') was evaluated as (''!='true' and 'false'=='true' and 'Application'!='Application' and 'Application'!='DynamicLibrary' and 'Application'!='StaticLibrary').
       Task "VCMessage" skipped, due to false condition; ('$(DesignTimeBuild)'!='true' and '$(VCToolsInstallDir)'=='' and '$(UseEnv)' != 'true' and ('$(TargetFrameworkVersion)'=='v3.5' or '$(TargetFrameworkVersion)'=='v3.0' or '$(TargetFrameworkVersion)'=='v2.0' )) was evaluated as (''!='true' and 'M:\VisualStudio\VC\Tools\MSVC\14.16.27023\'=='' and '' != 'true' and ('v4.0'=='v3.5' or 'v4.0'=='v3.0' or 'v4.0'=='v2.0' )).
       Task "VCMessage" skipped, due to false condition; ('$(DesignTimeBuild)'!='true' and '$(VCToolsInstallDir)'=='' and '$(UseEnv)' != 'true' and '$(PlatformToolset)'=='v90') was evaluated as (''!='true' and 'M:\VisualStudio\VC\Tools\MSVC\14.16.27023\'=='' and '' != 'true' and 'v141'=='v90').
       Task "VCMessage" skipped, due to false condition; ('$(DesignTimeBuild)'!='true' and '$(VCToolsInstallDir)'=='' and '$(UseEnv)' != 'true') was evaluated as (''!='true' and 'M:\VisualStudio\VC\Tools\MSVC\14.16.27023\'=='' and '' != 'true').
       Task "VCMessage" skipped, due to false condition; ('$(DesignTimeBuild)'!='true' and '$(WindowsSDKDir)'=='' and '$(UseEnv)' != 'true') was evaluated as (''!='true' and 'C:\Program Files (x86)\Windows Kits\10\'=='' and '' != 'true').
       Task "VCMessage" skipped, due to false condition; ('$(DesignTimeBuild)'!='true' and '$(IntDirTrailingSlashWarning)'=='true') was evaluated as (''!='true' and ''=='true').
       Task "VCMessage" skipped, due to false condition; ('$(DesignTimeBuild)'!='true' and '$(OutDirTrailingSlashWarning)'=='true') was evaluated as (''!='true' and ''=='true').
       Task "VCMessage" skipped, due to false condition; ('%(CompatibilityIssues.Identity)' != '' and '$(DesignTimeBuild)'!='true') was evaluated as ('' != '' and ''!='true').
       Task "VCMessage" skipped, due to false condition; ('$(IgnoreWarnIntDirSharingDetected)' != 'true' and '$(IntDirSharingDetected)' == 'true') was evaluated as ('' != 'true' and '' == 'true').
       Task "VCMessage" skipped, due to false condition; ('$(DesignTimeBuild)'!='true' and '$(IgnoreWarnIntDirInTempDetected)' != 'true' and ('$(_IntDirFullpath.StartsWith($(Tmp), true, null))' == 'true' or '$(_IntDirFullpath.StartsWith($(Temp), true, null))' == 'true' or '$(_OutDirFullpath.StartsWith($(Tmp), true, null))' == 'true' or '$(_OutDirFullpath.StartsWith($(Temp), true, null))' == 'true')) was evaluated as (''!='true' and '' != 'true' and ('False' == 'true' or 'False' == 'true' or 'False' == 'true' or 'False' == 'true')).
       Task "VCMessage" skipped, due to false condition; ('$(DesignTimeBuild)' != 'true' and '$(SpectreMitigation)' != '' and '$(SpectreMitigation)' != 'false' and (('$(_VC_Target_Library_Platform)' == 'OneCore' and !Exists('$(VC_LibraryPath_VC_x86_OneCore)')) or ('$(_VC_Target_Library_Platform)' == 'Desktop' and !Exists('$(VC_LibraryPath_VC_x86_Desktop)')))) was evaluated as ('' != 'true' and 'false' != '' and 'false' != 'false' and (('Desktop' == 'OneCore' and !Exists('M:\VisualStudio\VC\Tools\MSVC\14.16.27023\lib\onecore\x86')) or ('Desktop' == 'Desktop' and !Exists('M:\VisualStudio\VC\Tools\MSVC\14.16.27023\lib\x86')))).
       Task "MakeDir"
       Done executing task "MakeDir".
     1>Done building target "PrepareForBuild" in project "machineLearning3.vcxproj".
       Target "_PrepareForReferenceResolution" skipped. Previously built successfully.
       Target "ComputeCrtSDKReference" skipped, due to false condition; ('@(ClCompile)'!='' and '$(WindowsAppContainer)'=='true' and '$(UseCrtSDKReference)' != 'false') was evaluated as ('machineLearning3.cpp;neuralNetwork.cpp;pch.cpp'!='' and 'false'=='true' and '' != 'false').
       Target "GetInstalledSDKLocations" skipped, due to false condition; ('@(SDKReference)' != '') was evaluated as ('' != '').
     1>Target "ResolveSDKReferences" in file "M:\VisualStudio\MSBuild\15.0\Bin\Microsoft.Common.CurrentVersion.targets" from project "E:\GitHub\machineLearning3\machineLearning3\machineLearning3\machineLearning3.vcxproj" (target "ResolveAssemblyReferences" depends on it):
       Task "ResolveSDKReference" skipped, due to false condition; ('@(SDKReference)'!='') was evaluated as (''!='').
     1>Done building target "ResolveSDKReferences" in project "machineLearning3.vcxproj".
       Target "ResolveSDKReferences" skipped. Previously built successfully.
     1>Target "ExpandSDKReferences" in file "M:\VisualStudio\MSBuild\15.0\Bin\Microsoft.Common.CurrentVersion.targets" from project "E:\GitHub\machineLearning3\machineLearning3\machineLearning3\machineLearning3.vcxproj" (target "ResolveAssemblyReferences" depends on it):
       Task "GetSDKReferenceFiles" skipped, due to false condition; ('@(ResolvedSDKReference)'!='') was evaluated as (''!='').
     1>Done building target "ExpandSDKReferences" in project "machineLearning3.vcxproj".
       Target "ResolveNuGetPackageAssets" skipped, due to false condition; ('$(ResolveNuGetPackages)' == 'true' and exists('$(ProjectLockFile)')) was evaluated as ('true' == 'true' and exists('obj\project.assets.json')).
       Target "ImplicitlyExpandNETStandardFacades" skipped, due to false condition; ('$(ImplicitlyExpandNETStandardFacades)' == 'true') was evaluated as ('' == 'true').
       Target "GetReferenceAssemblyPaths" skipped. Previously built successfully.
       Target "ImplicitlyExpandNETStandardFacades" skipped, due to false condition; ('$(ImplicitlyExpandNETStandardFacades)' == 'true') was evaluated as ('' == 'true').
     1>Target "_HandlePackageFileConflicts" in file "M:\VisualStudio\MSBuild\Microsoft\Microsoft.NET.Build.Extensions\Microsoft.NET.Build.Extensions.ConflictResolution.targets" from project "E:\GitHub\machineLearning3\machineLearning3\machineLearning3\machineLearning3.vcxproj" (target "ResolveAssemblyReferences" depends on it):
       Using "ResolvePackageFileConflicts" task from assembly "M:\VisualStudio\MSBuild\Microsoft\Microsoft.NET.Build.Extensions\\tools\net46\Microsoft.NET.Build.Extensions.Tasks.dll".
       Task "ResolvePackageFileConflicts"
       Done executing task "ResolvePackageFileConflicts".
     1>Done building target "_HandlePackageFileConflicts" in project "machineLearning3.vcxproj".
     1>Target "ResolveAssemblyReferences" in file "M:\VisualStudio\MSBuild\15.0\Bin\Microsoft.Common.CurrentVersion.targets" from project "E:\GitHub\machineLearning3\machineLearning3\machineLearning3\machineLearning3.vcxproj" (target "ResolveReferences" depends on it):
       Task "ResolveAssemblyReference" skipped, due to false condition; ('@(Reference)'!='' or '@(_ResolvedProjectReferencePaths)'!='' or '@(_ExplicitReference)' != '') was evaluated as (''!='' or ''!='' or '' != '').
     1>Done building target "ResolveAssemblyReferences" in project "machineLearning3.vcxproj".
       Target "GenerateBindingRedirects" skipped, due to false condition; ('$(AutoGenerateBindingRedirects)' == 'true' and '$(GenerateBindingRedirectsOutputType)' == 'true') was evaluated as ('' == 'true' and 'true' == 'true').
       Target "_RemoveZipFileSuggestedRedirect" skipped, due to false condition; ('$(_TargetFrameworkVersionWithoutV)' >= '4.7.1' And '$(AllowZipFileRedirect)' != 'true') was evaluated as ('4.0' >= '4.7.1' And '' != 'true').
       Target "GenerateBindingRedirectsUpdateAppConfig" skipped, due to false condition; ('$(AutoGenerateBindingRedirects)' == 'true' and '$(GenerateBindingRedirectsOutputType)' == 'true' and Exists('$(_GenerateBindingRedirectsIntermediateAppConfig)')) was evaluated as ('' == 'true' and 'true' == 'true' and Exists('Debug\machineLearning3.exe.config')).
       Target "ResolveComReferences" skipped, due to false condition; ('@(COMReference)'!='' or '@(COMFileReference)'!='') was evaluated as (''!='' or ''!='').
     1>Target "AfterResolveReferences" in file "M:\VisualStudio\MSBuild\15.0\Bin\Microsoft.Common.CurrentVersion.targets" from project "E:\GitHub\machineLearning3\machineLearning3\machineLearning3\machineLearning3.vcxproj" (target "ResolveReferences" depends on it):
     1>Done building target "AfterResolveReferences" in project "machineLearning3.vcxproj".
       Target "ImplicitlyExpandDesignTimeFacades" skipped, due to false condition; ('$(ImplicitlyExpandDesignTimeFacades)' == 'true') was evaluated as ('' == 'true').
       Target "ResolveTestReferences" skipped, due to false condition; ('@(Shadow)'!='') was evaluated as (''!='').
     1>Target "ResolveReferences" in file "M:\VisualStudio\MSBuild\15.0\Bin\Microsoft.Common.CurrentVersion.targets" from project "E:\GitHub\machineLearning3\machineLearning3\machineLearning3\machineLearning3.vcxproj" (target "Build" depends on it):
     1>Done building target "ResolveReferences" in project "machineLearning3.vcxproj".
       Target "PrepareForBuild" skipped. Previously built successfully.
       Target "PrepareForBuild" skipped. Previously built successfully.
     1>Target "InitializeBuildStatus" in file "M:\VisualStudio\Common7\IDE\VC\VCTargets\Microsoft.CppBuild.targets" from project "E:\GitHub\machineLearning3\machineLearning3\machineLearning3\machineLearning3.vcxproj" (target "Build" depends on it):
       Using "ReadLinesFromFile" task from assembly "Microsoft.Build.Tasks.Core, Version=15.1.0.0, Culture=neutral, PublicKeyToken=b03f5f7f11d50a3a".
       Task "ReadLinesFromFile"
       Done executing task "ReadLinesFromFile".
       Using "WriteLinesToFile" task from assembly "Microsoft.Build.Tasks.Core, Version=15.1.0.0, Culture=neutral, PublicKeyToken=b03f5f7f11d50a3a".
       Task "WriteLinesToFile"
       Done executing task "WriteLinesToFile".
       Using "Touch" task from assembly "Microsoft.Build.Tasks.Core, Version=15.1.0.0, Culture=neutral, PublicKeyToken=b03f5f7f11d50a3a".
       Task "Touch"
         Touching "Debug\machineLearning3.tlog\unsuccessfulbuild".
       Done executing task "Touch".
     1>Done building target "InitializeBuildStatus" in project "machineLearning3.vcxproj".
       Target "PrepareProjectReferences" skipped. Previously built successfully.
     1>Target "BuildGenerateSourcesTraverse" in file "M:\VisualStudio\MSBuild\15.0\Bin\Microsoft.Common.CurrentVersion.targets" from project "E:\GitHub\machineLearning3\machineLearning3\machineLearning3\machineLearning3.vcxproj" (target "BuildGenerateSources" depends on it):
       Task "MSBuild" skipped, due to false condition; ('$(BuildPassReferences)' == 'true' and '@(ProjectReferenceWithConfiguration)' != '' and '@(_MSBuildProjectReferenceExistent)' != '' and '%(_MSBuildProjectReferenceExistent.BuildReference)' == 'true') was evaluated as ('' == 'true' and '' != '' and '' != '' and '' == 'true').
     1>Done building target "BuildGenerateSourcesTraverse" in project "machineLearning3.vcxproj".
       Target "PrepareForBuild" skipped. Previously built successfully.
       Target "ResolveReferences" skipped. Previously built successfully.
     1>Target "BeforeBuildGenerateSources" in file "M:\VisualStudio\Common7\IDE\VC\VCTargets\Microsoft.BuildSteps.Targets" from project "E:\GitHub\machineLearning3\machineLearning3\machineLearning3\machineLearning3.vcxproj" (target "_BuildGenerateSourcesAction" depends on it):
     1>Done building target "BeforeBuildGenerateSources" in project "machineLearning3.vcxproj".
     1>Target "PreBuildEvent" in file "M:\VisualStudio\Common7\IDE\VC\VCTargets\Microsoft.CppCommon.targets" from project "E:\GitHub\machineLearning3\machineLearning3\machineLearning3\machineLearning3.vcxproj" (target "_BuildGenerateSourcesAction" depends on it):
       Task "Message" skipped, due to false condition; ('%(PreBuildEvent.Message)' != '' and '%(PreBuildEvent.Command)' != '') was evaluated as ('' != '' and '' != '').
       Task "Exec" skipped, due to false condition; ('%(PreBuildEvent.Command)' != '') was evaluated as ('' != '').
     1>Done building target "PreBuildEvent" in project "machineLearning3.vcxproj".
       Target "CustomBuild" skipped, due to false condition; ('@(CustomBuild)' != '') was evaluated as ('' != '').
       Target "FxExport" skipped, due to false condition; ('@(FxCompile)' != '') was evaluated as ('' != '').
       Target "FxCompile" skipped, due to false condition; ('@(FxCompile)' != '') was evaluated as ('' != '').
       Target "_CreateCopyFileItems" skipped, due to false condition; ('@(CopyFileToFolders)' != '') was evaluated as ('' != '').
       Target "PrepareForBuild" skipped. Previously built successfully.
       Target "InitializeBuildStatus" skipped. Previously built successfully.
       Target "SetBuildDefaultEnvironmentVariables" skipped. Previously built successfully.
       Target "SetUserMacroEnvironmentVariables" skipped, due to false condition; ('@(BuildMacro)' != '' and '$(DesignTimeBuild)' != 'true') was evaluated as ('' != '' and '' != 'true').
     1>Target "_SelectedFiles" in file "M:\VisualStudio\Common7\IDE\VC\VCTargets\Microsoft.CppBuild.targets" from project "E:\GitHub\machineLearning3\machineLearning3\machineLearning3\machineLearning3.vcxproj" (target "CopyFileToFolders" depends on it):
     1>Done building target "_SelectedFiles" in project "machineLearning3.vcxproj".
     1>Target "CopyFileToFolders" in file "M:\VisualStudio\Common7\IDE\VC\VCTargets\Microsoft.CppCommon.targets" from project "E:\GitHub\machineLearning3\machineLearning3\machineLearning3\machineLearning3.vcxproj" (target "_BuildGenerateSourcesAction" depends on it):
       Using "GetOutOfDateItems" task from assembly "M:\VisualStudio\Common7\IDE\VC\VCTargets\Microsoft.Build.CppTasks.Common.dll".
       Task "GetOutOfDateItems"
       Done executing task "GetOutOfDateItems".
       Task "Copy" skipped, due to false condition; ('@(_OutOfDateCopyFile)' != '') was evaluated as ('' != '').
     1>Done building target "CopyFileToFolders" in project "machineLearning3.vcxproj".
       Target "Xsd" skipped, due to false condition; ('@(Xsd)' != '') was evaluated as ('' != '').
     1>Target "_Xsd" in file "M:\VisualStudio\Common7\IDE\VC\VCTargets\Microsoft.CppBuild.targets" from project "E:\GitHub\machineLearning3\machineLearning3\machineLearning3\machineLearning3.vcxproj" (target "_BuildGenerateSourcesAction" depends on it):
     1>Done building target "_Xsd" in project "machineLearning3.vcxproj".
     1>Target "MakeDirsForMidl" in file "M:\VisualStudio\Common7\IDE\VC\VCTargets\Microsoft.CppBuild.targets" from project "E:\GitHub\machineLearning3\machineLearning3\machineLearning3\machineLearning3.vcxproj" (target "_Midl" depends on it):
       Task "Makedir"
       Done executing task "Makedir".
     1>Done building target "MakeDirsForMidl" in project "machineLearning3.vcxproj".
       Target "Midl" skipped, due to false condition; ('@(Midl)' != '') was evaluated as ('' != '').
       Target "CustomBuild" skipped, due to false condition; ('@(CustomBuild)' != '') was evaluated as ('' != '').
       Target "FxExport" skipped, due to false condition; ('@(FxCompile)' != '') was evaluated as ('' != '').
       Target "FxCompile" skipped, due to false condition; ('@(FxCompile)' != '') was evaluated as ('' != '').
     1>Target "ComputeMIDLGeneratedCompileInputs" in file "M:\VisualStudio\Common7\IDE\VC\VCTargets\Microsoft.CppBuild.targets" from project "E:\GitHub\machineLearning3\machineLearning3\machineLearning3\machineLearning3.vcxproj" (target "_Midl" depends on it):
     1>Done building target "ComputeMIDLGeneratedCompileInputs" in project "machineLearning3.vcxproj".
     1>Target "AfterMidl" in file "M:\VisualStudio\Common7\IDE\VC\VCTargets\Microsoft.CppBuild.targets" from project "E:\GitHub\machineLearning3\machineLearning3\machineLearning3\machineLearning3.vcxproj" (target "_Midl" depends on it):
     1>Done building target "AfterMidl" in project "machineLearning3.vcxproj".
     1>Target "_Midl" in file "M:\VisualStudio\Common7\IDE\VC\VCTargets\Microsoft.CppBuild.targets" from project "E:\GitHub\machineLearning3\machineLearning3\machineLearning3\machineLearning3.vcxproj" (target "_BuildGenerateSourcesAction" depends on it):
     1>Done building target "_Midl" in project "machineLearning3.vcxproj".
     1>Target "AfterBuildGenerateSources" in file "M:\VisualStudio\Common7\IDE\VC\VCTargets\Microsoft.BuildSteps.Targets" from project "E:\GitHub\machineLearning3\machineLearning3\machineLearning3\machineLearning3.vcxproj" (target "_BuildGenerateSourcesAction" depends on it):
     1>Done building target "AfterBuildGenerateSources" in project "machineLearning3.vcxproj".
     1>Target "AfterBuildGenerateSourcesEvent" in file "M:\VisualStudio\Common7\IDE\VC\VCTargets\Microsoft.CppBuild.targets" from project "E:\GitHub\machineLearning3\machineLearning3\machineLearning3\machineLearning3.vcxproj" (target "_BuildGenerateSourcesAction" depends on it):
     1>Done building target "AfterBuildGenerateSourcesEvent" in project "machineLearning3.vcxproj".
     1>Target "_BuildGenerateSourcesAction" in file "M:\VisualStudio\Common7\IDE\VC\VCTargets\Microsoft.CppBuild.targets" from project "E:\GitHub\machineLearning3\machineLearning3\machineLearning3\machineLearning3.vcxproj" (target "BuildGenerateSources" depends on it):
     1>Done building target "_BuildGenerateSourcesAction" in project "machineLearning3.vcxproj".
     1>Target "BuildGenerateSources" in file "M:\VisualStudio\MSBuild\15.0\Bin\Microsoft.Common.CurrentVersion.targets" from project "E:\GitHub\machineLearning3\machineLearning3\machineLearning3\machineLearning3.vcxproj" (target "Build" depends on it):
     1>Done building target "BuildGenerateSources" in project "machineLearning3.vcxproj".
       Target "PrepareProjectReferences" skipped. Previously built successfully.
     1>Target "BuildCompileTraverse" in file "M:\VisualStudio\MSBuild\15.0\Bin\Microsoft.Common.CurrentVersion.targets" from project "E:\GitHub\machineLearning3\machineLearning3\machineLearning3\machineLearning3.vcxproj" (target "BuildCompile" depends on it):
       Task "MSBuild" skipped, due to false condition; ('$(BuildPassReferences)' == 'true' and '@(ProjectReferenceWithConfiguration)' != '' and '@(_MSBuildProjectReferenceExistent)' != ''  and '%(_MSBuildProjectReferenceExistent.BuildReference)' == 'true') was evaluated as ('' == 'true' and '' != '' and '' != ''  and '' == 'true').
     1>Done building target "BuildCompileTraverse" in project "machineLearning3.vcxproj".
       Target "PrepareForBuild" skipped. Previously built successfully.
       Target "ResolveReferences" skipped. Previously built successfully.
     1>Target "BeforeClCompile" in file "M:\VisualStudio\Common7\IDE\VC\VCTargets\Microsoft.CppBuild.targets" from project "E:\GitHub\machineLearning3\machineLearning3\machineLearning3\machineLearning3.vcxproj" (target "_ClCompile" depends on it):
     1>Done building target "BeforeClCompile" in project "machineLearning3.vcxproj".
       Target "ComputeMIDLGeneratedCompileInputs" skipped. Previously built successfully.
     1>Target "ComputeCLInputPDBName" in file "M:\VisualStudio\Common7\IDE\VC\VCTargets\Microsoft.CppBuild.targets" from project "E:\GitHub\machineLearning3\machineLearning3\machineLearning3\machineLearning3.vcxproj" (target "_ClCompile" depends on it):
     1>Done building target "ComputeCLInputPDBName" in project "machineLearning3.vcxproj".
       Target "ResolveReferences" skipped. Previously built successfully.
     1>Target "ComputeReferenceCLInput" in file "M:\VisualStudio\Common7\IDE\VC\VCTargets\Microsoft.CppBuild.targets" from project "E:\GitHub\machineLearning3\machineLearning3\machineLearning3\machineLearning3.vcxproj" (target "_ClCompile" depends on it):
       Task "WriteLinesToFile" skipped, due to false condition; (('@(_ReferenceCopyLocalPaths)'!='') and '$(DesignTimeBuild)' != 'true') was evaluated as ((''!='') and '' != 'true').
       Task "Message" skipped, due to false condition; ('$(_REFERENCE_DEBUG)'=='true') was evaluated as (''=='true').
     1>Done building target "ComputeReferenceCLInput" in project "machineLearning3.vcxproj".
     1>Target "WarnCompileDuplicatedFilename" in file "M:\VisualStudio\Common7\IDE\VC\VCTargets\Microsoft.CppBuild.targets" from project "E:\GitHub\machineLearning3\machineLearning3\machineLearning3\machineLearning3.vcxproj" (target "_ClCompile" depends on it):
       Task "VCMessage" skipped, due to false condition; ('%(ClCompile.ExcludedFromBuild)' != 'true' and '%(Filename)%(Extension)' != '@(ClCompile->'%(Filename)%(Extension)')' and '%(ObjectFileName)' == '@(ClCompile->Metadata(ObjectFileName)->Distinct())') was evaluated as ('' != 'true' and 'machineLearning3.cpp' != 'machineLearning3.cpp' and 'Debug\' == 'Debug\').
       Task "VCMessage" skipped, due to false condition; ('%(ClCompile.ExcludedFromBuild)' != 'true' and '%(Filename)%(Extension)' != '@(ClCompile->'%(Filename)%(Extension)')' and '%(ObjectFileName)' == '@(ClCompile->Metadata(ObjectFileName)->Distinct())') was evaluated as ('' != 'true' and 'neuralNetwork.cpp' != 'neuralNetwork.cpp' and 'Debug\' == 'Debug\').
       Task "VCMessage" skipped, due to false condition; ('%(ClCompile.ExcludedFromBuild)' != 'true' and '%(Filename)%(Extension)' != '@(ClCompile->'%(Filename)%(Extension)')' and '%(ObjectFileName)' == '@(ClCompile->Metadata(ObjectFileName)->Distinct())') was evaluated as ('' != 'true' and 'pch.cpp' != 'pch.cpp' and 'Debug\' == 'Debug\').
     1>Done building target "WarnCompileDuplicatedFilename" in project "machineLearning3.vcxproj".
     1>Target "FixupCLCompileOptions" in file "M:\VisualStudio\Common7\IDE\VC\VCTargets\Microsoft.CppCommon.targets" from project "E:\GitHub\machineLearning3\machineLearning3\machineLearning3\machineLearning3.vcxproj" (target "_ClCompile" depends on it):
     1>Done building target "FixupCLCompileOptions" in project "machineLearning3.vcxproj".
     1>Target "MakeDirsForCl" in file "M:\VisualStudio\Common7\IDE\VC\VCTargets\Microsoft.CppBuild.targets" from project "E:\GitHub\machineLearning3\machineLearning3\machineLearning3\machineLearning3.vcxproj" (target "_ClCompile" depends on it):
       Task "MakeDir"
       Done executing task "MakeDir".
     1>Done building target "MakeDirsForCl" in project "machineLearning3.vcxproj".
       Target "_SelectedFiles" skipped. Previously built successfully.
       Target "ComputeMIDLGeneratedCompileInputs" skipped. Previously built successfully.
       Target "ComputeCLInputPDBName" skipped. Previously built successfully.
       Target "ComputeReferenceCLInput" skipped. Previously built successfully.
       Target "WarnCompileDuplicatedFilename" skipped. Previously built successfully.
       Target "FixupCLCompileOptions" skipped. Previously built successfully.
       Target "_SelectedFiles" skipped. Previously built successfully.
     1>Target "SelectCustomBuild" in file "M:\VisualStudio\Common7\IDE\VC\VCTargets\Microsoft.CppBuild.targets" from project "E:\GitHub\machineLearning3\machineLearning3\machineLearning3\machineLearning3.vcxproj" (target "SelectClCompile" depends on it):
     1>Done building target "SelectCustomBuild" in project "machineLearning3.vcxproj".
     1>Target "SelectClCompile" in file "M:\VisualStudio\Common7\IDE\VC\VCTargets\Microsoft.CppBuild.targets" from project "E:\GitHub\machineLearning3\machineLearning3\machineLearning3\machineLearning3.vcxproj" (target "ClCompile" depends on it):
     1>Done building target "SelectClCompile" in project "machineLearning3.vcxproj".
       Target "GenerateTargetFrameworkMonikerAttribute" skipped, due to false condition; ('$(GenerateTargetFrameworkAttribute)' == 'true') was evaluated as ('false' == 'true').
       Target "ManagedIncrementalBuildPreProcessDependencyGraph" skipped, due to false condition; ('@(ClCompile)' != '' and '$(EnableManagedIncrementalBuild)' == 'True') was evaluated as ('machineLearning3.cpp;neuralNetwork.cpp;pch.cpp' != '' and 'false' == 'True').
     1>Target "ClCompile" in file "M:\VisualStudio\Common7\IDE\VC\VCTargets\Microsoft.CppCommon.targets" from project "E:\GitHub\machineLearning3\machineLearning3\machineLearning3\machineLearning3.vcxproj" (target "_ClCompile" depends on it):
       Task "Delete" skipped, due to false condition; ('%(ClCompile.DebugInformationFormat)' != '' and '%(ClCompile.DebugInformationFormat)' != 'None' and '%(ClCompile.DebugInformationFormat)' != 'OldStyle' and '%(ClCompile.ProgramDataBaseFileName)' != '' and !Exists(%(ClCompile.ProgramDataBaseFileName))) was evaluated as ('EditAndContinue' != '' and 'EditAndContinue' != 'None' and 'EditAndContinue' != 'OldStyle' and 'Debug\vc141.pdb' != '' and !Exists(Debug\vc141.pdb)).
       Task "CL" skipped, due to false condition; ('%(ClCompile.PrecompiledHeader)' == 'Create' and '%(ClCompile.ExcludedFromBuild)'!='true' and '%(ClCompile.CompilerIteration)' == '') was evaluated as ('Use' == 'Create' and ''!='true' and '' == '').
       Using "CL" task from assembly "M:\VisualStudio\Common7\IDE\VC\VCTargets\Microsoft.Build.CppTasks.Common.dll".
       Task "CL"
         Read Tracking Logs:
         	Debug\machineLearning3.tlog\CL.read.1.tlog
         Outputs for E:\GITHUB\MACHINELEARNING3\MACHINELEARNING3\MACHINELEARNING3\PCH.CPP:
         	E:\GITHUB\MACHINELEARNING3\MACHINELEARNING3\MACHINELEARNING3\DEBUG\PCH.OBJ
         	E:\GITHUB\MACHINELEARNING3\MACHINELEARNING3\MACHINELEARNING3\DEBUG\MACHINELEARNING3.PCH
         All outputs are up-to-date.
       Done executing task "CL".
       Task "CL"
         Using cached input dependency table built from:
         	E:\GitHub\machineLearning3\machineLearning3\machineLearning3\Debug\machineLearning3.tlog\CL.read.1.tlog
         Outputs for E:\GITHUB\MACHINELEARNING3\MACHINELEARNING3\MACHINELEARNING3\MACHINELEARNING3.CPP|E:\GITHUB\MACHINELEARNING3\MACHINELEARNING3\MACHINELEARNING3\NEURALNETWORK.CPP:
         	E:\GITHUB\MACHINELEARNING3\MACHINELEARNING3\MACHINELEARNING3\DEBUG\MACHINELEARNING3.OBJ
         	E:\GITHUB\MACHINELEARNING3\MACHINELEARNING3\MACHINELEARNING3\DEBUG\NEURALNETWORK.OBJ
         machineLearning3.cpp will be compiled because it was not found in the tracking log.
         neuralNetwork.cpp will be compiled because it was not found in the tracking log.
         No output for E:\GITHUB\MACHINELEARNING3\MACHINELEARNING3\MACHINELEARNING3\MACHINELEARNING3.CPP|E:\GITHUB\MACHINELEARNING3\MACHINELEARNING3\MACHINELEARNING3\NEURALNETWORK.CPP was found in the tracking log; source compilation required.
         Write Tracking Logs:
         	Debug\machineLearning3.tlog\CL.write.1.tlog
         Environment Variables passed to tool:
           VS_UNICODE_OUTPUT=2040
         M:\VisualStudio\VC\Tools\MSVC\14.16.27023\bin\HostX86\x86\CL.exe /c /ZI /JMC /nologo /W3 /WX- /diagnostics:classic /sdl /Od /Oy- /D WIN32 /D _DEBUG /D _CONSOLE /D _UNICODE /D UNICODE /Gm- /EHsc /RTC1 /MDd /GS /fp:precise /permissive- /Zc:wchar_t /Zc:forScope /Zc:inline /Yu"pch.h" /Fp"Debug\machineLearning3.pch" /Fo"Debug\\" /Fd"Debug\vc141.pdb" /Gd /TP /analyze- /FC /errorReport:prompt machineLearning3.cpp neuralNetwork.cpp
         Tracking command:
         M:\VisualStudio\MSBuild\15.0\Bin\Tracker.exe /d "C:\Program Files (x86)\MSBuild\15.0\FileTracker\FileTracker32.dll" /i E:\GitHub\machineLearning3\machineLearning3\machineLearning3\Debug\machineLearning3.tlog /r "E:\GITHUB\MACHINELEARNING3\MACHINELEARNING3\MACHINELEARNING3\MACHINELEARNING3.CPP|E:\GITHUB\MACHINELEARNING3\MACHINELEARNING3\MACHINELEARNING3\NEURALNETWORK.CPP" /b MSBuildConsole_CancelEventd3a7fea356e64c93bf778eb740f8ed14  /c M:\VisualStudio\VC\Tools\MSVC\14.16.27023\bin\HostX86\x86\CL.exe  /c /ZI /JMC /nologo /W3 /WX- /diagnostics:classic /sdl /Od /Oy- /D WIN32 /D _DEBUG /D _CONSOLE /D _UNICODE /D UNICODE /Gm- /EHsc /RTC1 /MDd /GS /fp:precise /permissive- /Zc:wchar_t /Zc:forScope /Zc:inline /Yu"pch.h" /Fp"Debug\machineLearning3.pch" /Fo"Debug\\" /Fd"Debug\vc141.pdb" /Gd /TP /analyze- /FC /errorReport:prompt machineLearning3.cpp neuralNetwork.cpp
         machineLearning3.cpp
         neuralNetwork.cpp
         Generating Code...
       Done executing task "CL".
       Task "CL" skipped, due to false condition; ('%(ClCompile.PrecompiledHeader)' != 'Create' and '%(ClCompile.ExcludedFromBuild)'!='true' and '%(ClCompile.CompilerIteration)' == '' and @(ClCompile) != '') was evaluated as ('Create' != 'Create' and ''!='true' and '' == '' and pch.cpp != '').
     1>Done building target "ClCompile" in project "machineLearning3.vcxproj".
       Target "RunSelectedFileNativeCodeAnalysis" skipped, due to false condition; ('$(RunCppAnalysis)'=='true' and '$(SelectedFiles)'!='') was evaluated as ('false'=='true' and ''!='').
       Target "ManagedIncrementalBuildPostProcessDependencyGraph" skipped, due to false condition; ('@(ClCompile)' != '' and '$(EnableManagedIncrementalBuild)' == 'True') was evaluated as ('machineLearning3.cpp;neuralNetwork.cpp;pch.cpp' != '' and 'false' == 'True').
     1>Target "AfterClCompile" in file "M:\VisualStudio\Common7\IDE\VC\VCTargets\Microsoft.CppBuild.targets" from project "E:\GitHub\machineLearning3\machineLearning3\machineLearning3\machineLearning3.vcxproj" (target "_ClCompile" depends on it):
     1>Done building target "AfterClCompile" in project "machineLearning3.vcxproj".
     1>Target "_ClCompile" in file "M:\VisualStudio\Common7\IDE\VC\VCTargets\Microsoft.CppBuild.targets" from project "E:\GitHub\machineLearning3\machineLearning3\machineLearning3\machineLearning3.vcxproj" (target "_BuildCompileAction" depends on it):
     1>Done building target "_ClCompile" in project "machineLearning3.vcxproj".
       Target "_ResGen" skipped, due to false condition; ('@(EmbeddedResource)'!='') was evaluated as (''!='').
     1>Target "BeforeResourceCompile" in file "M:\VisualStudio\Common7\IDE\VC\VCTargets\Microsoft.CppBuild.targets" from project "E:\GitHub\machineLearning3\machineLearning3\machineLearning3\machineLearning3.vcxproj" (target "_ResourceCompile" depends on it):
     1>Done building target "BeforeResourceCompile" in project "machineLearning3.vcxproj".
     1>Target "MakeDirsForResourceCompile" in file "M:\VisualStudio\Common7\IDE\VC\VCTargets\Microsoft.CppBuild.targets" from project "E:\GitHub\machineLearning3\machineLearning3\machineLearning3\machineLearning3.vcxproj" (target "_ResourceCompile" depends on it):
       Task "MakeDir"
       Done executing task "MakeDir".
     1>Done building target "MakeDirsForResourceCompile" in project "machineLearning3.vcxproj".
       Target "ResourceCompile" skipped, due to false condition; ('@(ResourceCompile)' != '') was evaluated as ('' != '').
     1>Target "AfterResourceCompile" in file "M:\VisualStudio\Common7\IDE\VC\VCTargets\Microsoft.CppBuild.targets" from project "E:\GitHub\machineLearning3\machineLearning3\machineLearning3\machineLearning3.vcxproj" (target "_ResourceCompile" depends on it):
     1>Done building target "AfterResourceCompile" in project "machineLearning3.vcxproj".
     1>Target "_ResourceCompile" in file "M:\VisualStudio\Common7\IDE\VC\VCTargets\Microsoft.CppBuild.targets" from project "E:\GitHub\machineLearning3\machineLearning3\machineLearning3\machineLearning3.vcxproj" (target "_BuildCompileAction" depends on it):
     1>Done building target "_ResourceCompile" in project "machineLearning3.vcxproj".
       Target "_ImpLib" skipped, due to false condition; ('$(ImpLibCompiled)' == 'true') was evaluated as ('' == 'true').
       Target "_Lib" skipped, due to false condition; ('$(LibCompiled)' == 'true') was evaluated as ('' == 'true').
     1>Target "AfterBuildCompileEvent" in file "M:\VisualStudio\Common7\IDE\VC\VCTargets\Microsoft.CppBuild.targets" from project "E:\GitHub\machineLearning3\machineLearning3\machineLearning3\machineLearning3.vcxproj" (target "_BuildCompileAction" depends on it):
     1>Done building target "AfterBuildCompileEvent" in project "machineLearning3.vcxproj".
     1>Target "_BuildCompileAction" in file "M:\VisualStudio\Common7\IDE\VC\VCTargets\Microsoft.CppBuild.targets" from project "E:\GitHub\machineLearning3\machineLearning3\machineLearning3\machineLearning3.vcxproj" (target "BuildCompile" depends on it):
     1>Done building target "_BuildCompileAction" in project "machineLearning3.vcxproj".
     1>Target "BuildCompile" in file "M:\VisualStudio\MSBuild\15.0\Bin\Microsoft.Common.CurrentVersion.targets" from project "E:\GitHub\machineLearning3\machineLearning3\machineLearning3\machineLearning3.vcxproj" (target "Build" depends on it):
     1>Done building target "BuildCompile" in project "machineLearning3.vcxproj".
       Target "PrepareProjectReferences" skipped. Previously built successfully.
     1>Target "BuildLinkTraverse" in file "M:\VisualStudio\MSBuild\15.0\Bin\Microsoft.Common.CurrentVersion.targets" from project "E:\GitHub\machineLearning3\machineLearning3\machineLearning3\machineLearning3.vcxproj" (target "BuildLink" depends on it):
       Task "MSBuild" skipped, due to false condition; ('$(BuildPassReferences)' == 'true' and '@(ProjectReferenceWithConfiguration)' != '' and '@(_MSBuildProjectReferenceExistent)' != ''  and '%(_MSBuildProjectReferenceExistent.BuildReference)' == 'true') was evaluated as ('' == 'true' and '' != '' and '' != ''  and '' == 'true').
     1>Done building target "BuildLinkTraverse" in project "machineLearning3.vcxproj".
       Target "PrepareForBuild" skipped. Previously built successfully.
       Target "ResolveReferences" skipped. Previously built successfully.
     1>Target "ComputeLegacyManifestEmbedding" in file "M:\VisualStudio\Common7\IDE\VC\VCTargets\Microsoft.CppBuild.targets" from project "E:\GitHub\machineLearning3\machineLearning3\machineLearning3\machineLearning3.vcxproj" (target "_BuildLinkAction" depends on it):
       Task "VCMessage" skipped, due to false condition; ('$(RevertManifestEmbedding)' == 'true' and '$(_LegacyManifestEmbeddingDebug)' == 'true') was evaluated as ('' == 'true' and '' == 'true').
     1>Done building target "ComputeLegacyManifestEmbedding" in project "machineLearning3.vcxproj".
     1>Target "BeforeLink" in file "M:\VisualStudio\Common7\IDE\VC\VCTargets\Microsoft.CppBuild.targets" from project "E:\GitHub\machineLearning3\machineLearning3\machineLearning3\machineLearning3.vcxproj" (target "_Link" depends on it):
     1>Done building target "BeforeLink" in project "machineLearning3.vcxproj".
     1>Target "ComputeRCOutputs" in file "M:\VisualStudio\Common7\IDE\VC\VCTargets\Microsoft.CppBuild.targets" from project "E:\GitHub\machineLearning3\machineLearning3\machineLearning3\machineLearning3.vcxproj" (target "ComputeRCGeneratedLinkInputs" depends on it):
     1>Done building target "ComputeRCOutputs" in project "machineLearning3.vcxproj".
     1>Target "ComputeRCGeneratedLinkInputs" in file "M:\VisualStudio\Common7\IDE\VC\VCTargets\Microsoft.CppBuild.targets" from project "E:\GitHub\machineLearning3\machineLearning3\machineLearning3\machineLearning3.vcxproj" (target "_Link" depends on it):
     1>Done building target "ComputeRCGeneratedLinkInputs" in project "machineLearning3.vcxproj".
     1>Target "ComputeManifestGeneratedLinkerInputs" in file "M:\VisualStudio\Common7\IDE\VC\VCTargets\Microsoft.CppBuild.targets" from project "E:\GitHub\machineLearning3\machineLearning3\machineLearning3\machineLearning3.vcxproj" (target "_Link" depends on it):
     1>Done building target "ComputeManifestGeneratedLinkerInputs" in project "machineLearning3.vcxproj".
     1>Target "ComputeCustomBuildOutput" in file "M:\VisualStudio\Common7\IDE\VC\VCTargets\Microsoft.CppBuild.targets" from project "E:\GitHub\machineLearning3\machineLearning3\machineLearning3\machineLearning3.vcxproj" (target "_Link" depends on it):
       Task "CreateItem" skipped, due to false condition; ('%(CustomBuildOutputs.OutputItemType)'!='') was evaluated as (''!='').
       Task "MakeDir"
       Done executing task "MakeDir".
     1>Done building target "ComputeCustomBuildOutput" in project "machineLearning3.vcxproj".
       Target "ComputeMIDLGeneratedCompileInputs" skipped. Previously built successfully.
       Target "ComputeCLInputPDBName" skipped. Previously built successfully.
       Target "ComputeReferenceCLInput" skipped. Previously built successfully.
       Target "WarnCompileDuplicatedFilename" skipped. Previously built successfully.
       Target "FixupCLCompileOptions" skipped. Previously built successfully.
     1>Target "ComputeCLOutputs" in file "M:\VisualStudio\Common7\IDE\VC\VCTargets\Microsoft.CppBuild.targets" from project "E:\GitHub\machineLearning3\machineLearning3\machineLearning3\machineLearning3.vcxproj" (target "ComputeCLGeneratedLinkInputs" depends on it):
     1>Done building target "ComputeCLOutputs" in project "machineLearning3.vcxproj".
     1>Target "ComputeCLGeneratedLinkInputs" in file "M:\VisualStudio\Common7\IDE\VC\VCTargets\Microsoft.CppBuild.targets" from project "E:\GitHub\machineLearning3\machineLearning3\machineLearning3\machineLearning3.vcxproj" (target "_Link" depends on it):
     1>Done building target "ComputeCLGeneratedLinkInputs" in project "machineLearning3.vcxproj".
     1>Target "ComputeLinkInputsFromProject" in file "M:\VisualStudio\Common7\IDE\VC\VCTargets\Microsoft.CppBuild.targets" from project "E:\GitHub\machineLearning3\machineLearning3\machineLearning3\machineLearning3.vcxproj" (target "_Link" depends on it):
     1>Done building target "ComputeLinkInputsFromProject" in project "machineLearning3.vcxproj".
       Target "ComputeReferenceLinkInputs" skipped, due to false condition; (@(ProjectReference) != '') was evaluated as ( != '').
     1>Target "ComputeManifestInputsTargets" in file "M:\VisualStudio\Common7\IDE\VC\VCTargets\Microsoft.CppBuild.targets" from project "E:\GitHub\machineLearning3\machineLearning3\machineLearning3\machineLearning3.vcxproj" (target "_Link" depends on it):
     1>Done building target "ComputeManifestInputsTargets" in project "machineLearning3.vcxproj".
       Target "ManifestResourceCompile" skipped, due to false condition; ('$(EmbedManifestBy)' == 'LINK' and '@(Manifest)' != '') was evaluated as ('LINK' == 'LINK' and '' != '').
       Target "AssignWinFXEmbeddedResource" skipped, due to false condition; ('@(WinFXEmbeddedResource)' != '') was evaluated as ('' != '').
     1>Target "AssignTargetPaths" in file "M:\VisualStudio\MSBuild\15.0\Bin\Microsoft.Common.CurrentVersion.targets" from project "E:\GitHub\machineLearning3\machineLearning3\machineLearning3\machineLearning3.vcxproj" (target "PrepareResourceNames" depends on it):
       Using "AssignTargetPath" task from assembly "Microsoft.Build.Tasks.Core, Version=15.1.0.0, Culture=neutral, PublicKeyToken=b03f5f7f11d50a3a".
       Task "AssignTargetPath"
       Done executing task "AssignTargetPath".
       Task "AssignTargetPath"
       Done executing task "AssignTargetPath".
       Task "AssignTargetPath"
       Done executing task "AssignTargetPath".
       Task "AssignTargetPath"
       Done executing task "AssignTargetPath".
       Task "AssignTargetPath" skipped, due to false condition; ('@(_DeploymentBaseManifestWithTargetPath)'=='' and '%(None.Extension)'=='.manifest') was evaluated as (''=='' and ''=='.manifest').
     1>Done building target "AssignTargetPaths" in project "machineLearning3.vcxproj".
       Target "AssignTargetPaths" skipped. Previously built successfully.
     1>Target "SplitResourcesByCulture" in file "M:\VisualStudio\MSBuild\15.0\Bin\Microsoft.Common.CurrentVersion.targets" from project "E:\GitHub\machineLearning3\machineLearning3\machineLearning3\machineLearning3.vcxproj" (target "PrepareResourceNames" depends on it):
       Task "Warning" skipped, due to false condition; ('@(ResxWithNoCulture)'!='') was evaluated as (''!='').
       Task "Warning" skipped, due to false condition; ('@(ResxWithCulture)'!='') was evaluated as (''!='').
       Task "Warning" skipped, due to false condition; ('@(NonResxWithCulture)'!='') was evaluated as (''!='').
       Task "Warning" skipped, due to false condition; ('@(NonResxWithNoCulture)'!='') was evaluated as (''!='').
       Using "AssignCulture" task from assembly "Microsoft.Build.Tasks.Core, Version=15.1.0.0, Culture=neutral, PublicKeyToken=b03f5f7f11d50a3a".
       Task "AssignCulture"
       Done executing task "AssignCulture".
     1>Done building target "SplitResourcesByCulture" in project "machineLearning3.vcxproj".
       Target "CreateManifestResourceNames" skipped, due to false condition; ('@(EmbeddedResource)' != '') was evaluated as ('' != '').
     1>Target "CreateCustomManifestResourceNames" in file "M:\VisualStudio\MSBuild\15.0\Bin\Microsoft.Common.CurrentVersion.targets" from project "E:\GitHub\machineLearning3\machineLearning3\machineLearning3\machineLearning3.vcxproj" (target "PrepareResourceNames" depends on it):
     1>Done building target "CreateCustomManifestResourceNames" in project "machineLearning3.vcxproj".
     1>Target "PrepareResourceNames" in file "M:\VisualStudio\MSBuild\15.0\Bin\Microsoft.Common.CurrentVersion.targets" from project "E:\GitHub\machineLearning3\machineLearning3\machineLearning3\machineLearning3.vcxproj" (target "_Link" depends on it):
     1>Done building target "PrepareResourceNames" in project "machineLearning3.vcxproj".
     1>Target "MakeDirsForLink" in file "M:\VisualStudio\Common7\IDE\VC\VCTargets\Microsoft.CppBuild.targets" from project "E:\GitHub\machineLearning3\machineLearning3\machineLearning3\machineLearning3.vcxproj" (target "_Link" depends on it):
       Task "MakeDir"
       Done executing task "MakeDir".
     1>Done building target "MakeDirsForLink" in project "machineLearning3.vcxproj".
     1>Target "DoLinkOutputFilesMatch" in file "M:\VisualStudio\Common7\IDE\VC\VCTargets\Microsoft.CppBuild.targets" from project "E:\GitHub\machineLearning3\machineLearning3\machineLearning3\machineLearning3.vcxproj" (target "_Link" depends on it):
       Task "VCMessage" skipped, due to false condition; ('@(_OutputFileFromLink)' == '') was evaluated as ('E:\Github\machineLearning3\machineLearning3\Debug\machineLearning3.exe' == '').
       Task "VCMessage" skipped, due to false condition; ('@(_OutputFileFromLink)' != '' and '%(_OutputFileFromLink.FullPath)' != '$([System.IO.Path]::GetFullPath($(TargetPath)))') was evaluated as ('E:\Github\machineLearning3\machineLearning3\Debug\machineLearning3.exe' != '' and 'E:\Github\machineLearning3\machineLearning3\Debug\machineLearning3.exe' != 'E:\Github\machineLearning3\machineLearning3\Debug\machineLearning3.exe').
       Task "VCMessage" skipped, due to false condition; ('@(_OutputFileFromLink)' != '' and '%(_OutputFileFromLink.Extension)' != '' and '%(_OutputFileFromLink.Extension)' != '$(TargetExt)') was evaluated as ('E:\Github\machineLearning3\machineLearning3\Debug\machineLearning3.exe' != '' and '.exe' != '' and '.exe' != '.exe').
       Task "VCMessage" skipped, due to false condition; ('@(_OutputFileFromLink)' != '' and '%(_OutputFileFromLink.Filename)' != '' and '%(_OutputFileFromLink.Filename)' != '$(TargetName)') was evaluated as ('E:\Github\machineLearning3\machineLearning3\Debug\machineLearning3.exe' != '' and 'machineLearning3' != '' and 'machineLearning3' != 'machineLearning3').
       Task "VCMessage" skipped, due to false condition; ('%(Link.MinimumRequiredVersion)' != '' and ('%(Link.Subsystem)' == '' or '%(Link.Subsystem)' == 'NotSet')) was evaluated as ('' != '' and ('Console' == '' or 'Console' == 'NotSet')).
     1>Done building target "DoLinkOutputFilesMatch" in project "machineLearning3.vcxproj".
     1>Target "PreLinkEvent" in file "M:\VisualStudio\Common7\IDE\VC\VCTargets\Microsoft.CppCommon.targets" from project "E:\GitHub\machineLearning3\machineLearning3\machineLearning3\machineLearning3.vcxproj" (target "_Link" depends on it):
       Task "Message" skipped, due to false condition; ('%(PreLinkEvent.Message)' != '' and '%(PreLinkEvent.Command)' != '') was evaluated as ('' != '' and '' != '').
       Task "Exec" skipped, due to false condition; ('%(PreLinkEvent.Command)' != '') was evaluated as ('' != '').
     1>Done building target "PreLinkEvent" in project "machineLearning3.vcxproj".
     1>Target "ComputeLinkSwitches" in file "M:\VisualStudio\Common7\IDE\VC\VCTargets\Microsoft.CppCommon.targets" from project "E:\GitHub\machineLearning3\machineLearning3\machineLearning3\machineLearning3.vcxproj" (target "Link" depends on it):
     1>Done building target "ComputeLinkSwitches" in project "machineLearning3.vcxproj".
     1>Target "Link" in file "M:\VisualStudio\Common7\IDE\VC\VCTargets\Microsoft.CppCommon.targets" from project "E:\GitHub\machineLearning3\machineLearning3\machineLearning3\machineLearning3.vcxproj" (target "_Link" depends on it):
       Using "Link" task from assembly "M:\VisualStudio\Common7\IDE\VC\VCTargets\Microsoft.Build.CppTasks.Common.dll".
       Task "Link"
         Environment Variables passed to tool:
           VS_UNICODE_OUTPUT=1972
         M:\VisualStudio\VC\Tools\MSVC\14.16.27023\bin\HostX86\x86\link.exe /ERRORREPORT:PROMPT /OUT:"E:\Github\machineLearning3\machineLearning3\Debug\machineLearning3.exe" /INCREMENTAL /NOLOGO kernel32.lib user32.lib gdi32.lib winspool.lib comdlg32.lib advapi32.lib shell32.lib ole32.lib oleaut32.lib uuid.lib odbc32.lib odbccp32.lib /MANIFEST /MANIFESTUAC:"level='asInvoker' uiAccess='false'" /manifest:embed /DEBUG:FASTLINK /PDB:"E:\Github\machineLearning3\machineLearning3\Debug\machineLearning3.pdb" /SUBSYSTEM:CONSOLE /TLBID:1 /DYNAMICBASE /NXCOMPAT /IMPLIB:"E:\Github\machineLearning3\machineLearning3\Debug\machineLearning3.lib" /MACHINE:X86 Debug\machineLearning3.obj
         Debug\neuralNetwork.obj
         Debug\pch.obj
         Tracking command:
         M:\VisualStudio\MSBuild\15.0\Bin\Tracker.exe /a /d "C:\Program Files (x86)\MSBuild\15.0\FileTracker\FileTracker32.dll" /i E:\GitHub\machineLearning3\machineLearning3\machineLearning3\Debug\machineLearning3.tlog /r "E:\GITHUB\MACHINELEARNING3\MACHINELEARNING3\MACHINELEARNING3\DEBUG\MACHINELEARNING3.OBJ|E:\GITHUB\MACHINELEARNING3\MACHINELEARNING3\MACHINELEARNING3\DEBUG\NEURALNETWORK.OBJ|E:\GITHUB\MACHINELEARNING3\MACHINELEARNING3\MACHINELEARNING3\DEBUG\PCH.OBJ" /b MSBuildConsole_CancelEventb9f84214b2854ddd91c74834686198fb  /c M:\VisualStudio\VC\Tools\MSVC\14.16.27023\bin\HostX86\x86\link.exe  /ERRORREPORT:PROMPT /OUT:"E:\Github\machineLearning3\machineLearning3\Debug\machineLearning3.exe" /INCREMENTAL /NOLOGO kernel32.lib user32.lib gdi32.lib winspool.lib comdlg32.lib advapi32.lib shell32.lib ole32.lib oleaut32.lib uuid.lib odbc32.lib odbccp32.lib /MANIFEST /MANIFESTUAC:"level='asInvoker' uiAccess='false'" /manifest:embed /DEBUG:FASTLINK /PDB:"E:\Github\machineLearning3\machineLearning3\Debug\machineLearning3.pdb" /SUBSYSTEM:CONSOLE /TLBID:1 /DYNAMICBASE /NXCOMPAT /IMPLIB:"E:\Github\machineLearning3\machineLearning3\Debug\machineLearning3.lib" /MACHINE:X86 Debug\machineLearning3.obj
         Debug\neuralNetwork.obj
         Debug\pch.obj
     1>neuralNetwork.obj : error LNK2019: unresolved external symbol "struct linkedList_t * __cdecl createLinkedList(unsigned char)" (?createLinkedList@@YAPAUlinkedList_t@@E@Z) referenced in function "public: __thiscall NeuralNet::neuron::neuron(char const *,int,int)" (??0neuron@NeuralNet@@QAE@PBDHH@Z)
     1>neuralNetwork.obj : error LNK2019: unresolved external symbol "void __cdecl deleteLinkedList(struct linkedList_t *)" (?deleteLinkedList@@YAXPAUlinkedList_t@@@Z) referenced in function "public: __thiscall NeuralNet::neuralNetwork::~neuralNetwork(void)" (??1neuralNetwork@NeuralNet@@QAE@XZ)
     1>neuralNetwork.obj : error LNK2019: unresolved external symbol "void * __cdecl getData(struct link_t *)" (?getData@@YAPAXPAUlink_t@@@Z) referenced in function "public: __thiscall NeuralNet::neuralNetwork::~neuralNetwork(void)" (??1neuralNetwork@NeuralNet@@QAE@XZ)
     1>neuralNetwork.obj : error LNK2019: unresolved external symbol "struct link_t * __cdecl searchByData(struct linkedList_t *,void *)" (?searchByData@@YAPAUlink_t@@PAUlinkedList_t@@PAX@Z) referenced in function "public: __thiscall NeuralNet::neuralNetwork::~neuralNetwork(void)" (??1neuralNetwork@NeuralNet@@QAE@XZ)
     1>neuralNetwork.obj : error LNK2019: unresolved external symbol "struct link_t * __cdecl searchByNumber(struct linkedList_t *,unsigned short)" (?searchByNumber@@YAPAUlink_t@@PAUlinkedList_t@@G@Z) referenced in function "public: __thiscall NeuralNet::neuralNetwork::~neuralNetwork(void)" (??1neuralNetwork@NeuralNet@@QAE@XZ)
     1>neuralNetwork.obj : error LNK2019: unresolved external symbol "struct link_t * __cdecl getNextElement(struct link_t *)" (?getNextElement@@YAPAUlink_t@@PAU1@@Z) referenced in function "public: __thiscall NeuralNet::neuralNetwork::~neuralNetwork(void)" (??1neuralNetwork@NeuralNet@@QAE@XZ)
     1>neuralNetwork.obj : error LNK2019: unresolved external symbol "struct link_t * __cdecl getFirstElement(struct linkedList_t *)" (?getFirstElement@@YAPAUlink_t@@PAUlinkedList_t@@@Z) referenced in function "public: __thiscall NeuralNet::neuralNetwork::~neuralNetwork(void)" (??1neuralNetwork@NeuralNet@@QAE@XZ)
     1>neuralNetwork.obj : error LNK2019: unresolved external symbol "struct string_t * __cdecl stringConstructor(char const *)" (?stringConstructor@@YAPAUstring_t@@PBD@Z) referenced in function "public: __thiscall NeuralNet::neuron::neuron(char const *,int,int)" (??0neuron@NeuralNet@@QAE@PBDHH@Z)
     1>neuralNetwork.obj : error LNK2019: unresolved external symbol "void __cdecl stringDestructor(struct string_t * *)" (?stringDestructor@@YAXPAPAUstring_t@@@Z) referenced in function "public: __thiscall NeuralNet::neuron::~neuron(void)" (??1neuron@NeuralNet@@QAE@XZ)
     1>E:\Github\machineLearning3\machineLearning3\Debug\machineLearning3.exe : fatal error LNK1120: 9 unresolved externals
         The command exited with code 1120.
       Done executing task "Link" -- FAILED.
     1>Done building target "Link" in project "machineLearning3.vcxproj" -- FAILED.
     1>Done Building Project "E:\GitHub\machineLearning3\machineLearning3\machineLearning3\machineLearning3.vcxproj" (Build target(s)) -- FAILED.

Build FAILED.

       "E:\GitHub\machineLearning3\machineLearning3\machineLearning3\machineLearning3.vcxproj" (Build target) (1) ->
       (Link target) -> 
         neuralNetwork.obj : error LNK2019: unresolved external symbol "struct linkedList_t * __cdecl createLinkedList(unsigned char)" (?createLinkedList@@YAPAUlinkedList_t@@E@Z) referenced in function "public: __thiscall NeuralNet::neuron::neuron(char const *,int,int)" (??0neuron@NeuralNet@@QAE@PBDHH@Z)
         neuralNetwork.obj : error LNK2019: unresolved external symbol "void __cdecl deleteLinkedList(struct linkedList_t *)" (?deleteLinkedList@@YAXPAUlinkedList_t@@@Z) referenced in function "public: __thiscall NeuralNet::neuralNetwork::~neuralNetwork(void)" (??1neuralNetwork@NeuralNet@@QAE@XZ)
         neuralNetwork.obj : error LNK2019: unresolved external symbol "void * __cdecl getData(struct link_t *)" (?getData@@YAPAXPAUlink_t@@@Z) referenced in function "public: __thiscall NeuralNet::neuralNetwork::~neuralNetwork(void)" (??1neuralNetwork@NeuralNet@@QAE@XZ)
         neuralNetwork.obj : error LNK2019: unresolved external symbol "struct link_t * __cdecl searchByData(struct linkedList_t *,void *)" (?searchByData@@YAPAUlink_t@@PAUlinkedList_t@@PAX@Z) referenced in function "public: __thiscall NeuralNet::neuralNetwork::~neuralNetwork(void)" (??1neuralNetwork@NeuralNet@@QAE@XZ)
         neuralNetwork.obj : error LNK2019: unresolved external symbol "struct link_t * __cdecl searchByNumber(struct linkedList_t *,unsigned short)" (?searchByNumber@@YAPAUlink_t@@PAUlinkedList_t@@G@Z) referenced in function "public: __thiscall NeuralNet::neuralNetwork::~neuralNetwork(void)" (??1neuralNetwork@NeuralNet@@QAE@XZ)
         neuralNetwork.obj : error LNK2019: unresolved external symbol "struct link_t * __cdecl getNextElement(struct link_t *)" (?getNextElement@@YAPAUlink_t@@PAU1@@Z) referenced in function "public: __thiscall NeuralNet::neuralNetwork::~neuralNetwork(void)" (??1neuralNetwork@NeuralNet@@QAE@XZ)
         neuralNetwork.obj : error LNK2019: unresolved external symbol "struct link_t * __cdecl getFirstElement(struct linkedList_t *)" (?getFirstElement@@YAPAUlink_t@@PAUlinkedList_t@@@Z) referenced in function "public: __thiscall NeuralNet::neuralNetwork::~neuralNetwork(void)" (??1neuralNetwork@NeuralNet@@QAE@XZ)
         neuralNetwork.obj : error LNK2019: unresolved external symbol "struct string_t * __cdecl stringConstructor(char const *)" (?stringConstructor@@YAPAUstring_t@@PBD@Z) referenced in function "public: __thiscall NeuralNet::neuron::neuron(char const *,int,int)" (??0neuron@NeuralNet@@QAE@PBDHH@Z)
         neuralNetwork.obj : error LNK2019: unresolved external symbol "void __cdecl stringDestructor(struct string_t * *)" (?stringDestructor@@YAXPAPAUstring_t@@@Z) referenced in function "public: __thiscall NeuralNet::neuron::~neuron(void)" (??1neuron@NeuralNet@@QAE@XZ)
         E:\Github\machineLearning3\machineLearning3\Debug\machineLearning3.exe : fatal error LNK1120: 9 unresolved externals

    0 Warning(s)
    10 Error(s)

Time Elapsed 00:00:01.36
